This is pdfTeX, Version 3.141592653-2.6-1.40.24 (TeX Live 2022) (preloaded format=pdflatex 2022.6.30)  30 JUN 2022 17:40
entering extended mode
 restricted \write18 enabled.
 file:line:error style messages enabled.
 %&-line parsing enabled.
**01-logreg.tex
(./01-logreg.tex
LaTeX2e <2021-11-15> patch level 1
L3 programming layer <2022-02-24>

./01-logreg.tex:1: LaTeX Error: Lonely \item--perhaps a missing list environmen
t.

See the LaTeX manual or LaTeX Companion for explanation.
Type  H <return>  for immediate help.
 ...                                              
                                                  
l.1 \item \subquestionpoints
                            {10}
? 
./01-logreg.tex:1: Emergency stop.
 ...                                              
                                                  
l.1 \item \subquestionpoints
                            {10}
Try typing  <return>  to proceed.
If that doesn't work, type  X <return>  to quit.

 
Here is how much of TeX's memory you used:
 18 strings out of 478268
 565 string characters out of 5846347
 289381 words of memory out of 5000000
 18326 multiletter control sequences out of 15000+600000
 469259 words of font info for 28 fonts, out of 8000000 for 9000
 1141 hyphenation exceptions out of 8191
 13i,0n,12p,73b,21s stack positions out of 10000i,1000n,20000p,200000b,200000s
./01-logreg.tex:1:  ==> Fatal error occurred, no output PDF file produced!
