This is pdfTeX, Version 3.141592653-2.6-1.40.24 (TeX Live 2022) (preloaded format=pdflatex 2022.6.30)  4 AUG 2022 22:54
entering extended mode
 restricted \write18 enabled.
 file:line:error style messages enabled.
 %&-line parsing enabled.
**ps3.tex
(./ps3.tex
LaTeX2e <2021-11-15> patch level 1
L3 programming layer <2022-02-24> (./macros.tex
(/usr/local/texlive/2022/texmf-dist/tex/latex/base/article.cls
Document Class: article 2021/10/04 v1.4n Standard LaTeX document class
(/usr/local/texlive/2022/texmf-dist/tex/latex/base/size10.clo
File: size10.clo 2021/10/04 v1.4n Standard LaTeX file (size option)
)
\c@part=\count185
\c@section=\count186
\c@subsection=\count187
\c@subsubsection=\count188
\c@paragraph=\count189
\c@subparagraph=\count190
\c@figure=\count191
\c@table=\count192
\abovecaptionskip=\skip47
\belowcaptionskip=\skip48
\bibindent=\dimen138
)
(/usr/local/texlive/2022/texmf-dist/tex/latex/graphics/graphicx.sty
Package: graphicx 2021/09/16 v1.2d Enhanced LaTeX Graphics (DPC,SPQR)

(/usr/local/texlive/2022/texmf-dist/tex/latex/graphics/keyval.sty
Package: keyval 2014/10/28 v1.15 key=value parser (DPC)
\KV@toks@=\toks16
)
(/usr/local/texlive/2022/texmf-dist/tex/latex/graphics/graphics.sty
Package: graphics 2021/03/04 v1.4d Standard LaTeX Graphics (DPC,SPQR)

(/usr/local/texlive/2022/texmf-dist/tex/latex/graphics/trig.sty
Package: trig 2021/08/11 v1.11 sin cos tan (DPC)
)
(/usr/local/texlive/2022/texmf-dist/tex/latex/graphics-cfg/graphics.cfg
File: graphics.cfg 2016/06/04 v1.11 sample graphics configuration
)
Package graphics Info: Driver file: pdftex.def on input line 107.

(/usr/local/texlive/2022/texmf-dist/tex/latex/graphics-def/pdftex.def
File: pdftex.def 2020/10/05 v1.2a Graphics/color driver for pdftex
))
\Gin@req@height=\dimen139
\Gin@req@width=\dimen140
)
(/usr/local/texlive/2022/texmf-dist/tex/latex/ncctools/nccmath.sty
Package: nccmath 2006/01/20 v1.3 Additional Math Commands (NCC)

(/usr/local/texlive/2022/texmf-dist/tex/latex/amsmath/amsmath.sty
Package: amsmath 2021/10/15 v2.17l AMS math features
\@mathmargin=\skip49

For additional information on amsmath, use the `?' option.
(/usr/local/texlive/2022/texmf-dist/tex/latex/amsmath/amstext.sty
Package: amstext 2021/08/26 v2.01 AMS text

(/usr/local/texlive/2022/texmf-dist/tex/latex/amsmath/amsgen.sty
File: amsgen.sty 1999/11/30 v2.0 generic functions
\@emptytoks=\toks17
\ex@=\dimen141
))
(/usr/local/texlive/2022/texmf-dist/tex/latex/amsmath/amsbsy.sty
Package: amsbsy 1999/11/29 v1.2d Bold Symbols
\pmbraise@=\dimen142
)
(/usr/local/texlive/2022/texmf-dist/tex/latex/amsmath/amsopn.sty
Package: amsopn 2021/08/26 v2.02 operator names
)
\inf@bad=\count193
LaTeX Info: Redefining \frac on input line 234.
\uproot@=\count194
\leftroot@=\count195
LaTeX Info: Redefining \overline on input line 399.
\classnum@=\count196
\DOTSCASE@=\count197
LaTeX Info: Redefining \ldots on input line 496.
LaTeX Info: Redefining \dots on input line 499.
LaTeX Info: Redefining \cdots on input line 620.
\Mathstrutbox@=\box50
\strutbox@=\box51
\big@size=\dimen143
LaTeX Font Info:    Redeclaring font encoding OML on input line 743.
LaTeX Font Info:    Redeclaring font encoding OMS on input line 744.
\macc@depth=\count198
\c@MaxMatrixCols=\count199
\dotsspace@=\muskip16
\c@parentequation=\count266
\dspbrk@lvl=\count267
\tag@help=\toks18
\row@=\count268
\column@=\count269
\maxfields@=\count270
\andhelp@=\toks19
\eqnshift@=\dimen144
\alignsep@=\dimen145
\tagshift@=\dimen146
\tagwidth@=\dimen147
\totwidth@=\dimen148
\lineht@=\dimen149
\@envbody=\toks20
\multlinegap=\skip50
\multlinetaggap=\skip51
\mathdisplay@stack=\toks21
LaTeX Info: Redefining \[ on input line 2938.
LaTeX Info: Redefining \] on input line 2939.
)
\NCC@fracrulewidth=\dimen150
)
(/usr/local/texlive/2022/texmf-dist/tex/latex/mathtools/mathtools.sty
Package: mathtools 2022/02/07 v1.28a mathematical typesetting tools

(/usr/local/texlive/2022/texmf-dist/tex/latex/tools/calc.sty
Package: calc 2017/05/25 v4.3 Infix arithmetic (KKT,FJ)
\calc@Acount=\count271
\calc@Bcount=\count272
\calc@Adimen=\dimen151
\calc@Bdimen=\dimen152
\calc@Askip=\skip52
\calc@Bskip=\skip53
LaTeX Info: Redefining \setlength on input line 80.
LaTeX Info: Redefining \addtolength on input line 81.
\calc@Ccount=\count273
\calc@Cskip=\skip54
)
(/usr/local/texlive/2022/texmf-dist/tex/latex/mathtools/mhsetup.sty
Package: mhsetup 2021/03/18 v1.4 programming setup (MH)
)
\g_MT_multlinerow_int=\count274
\l_MT_multwidth_dim=\dimen153
\origjot=\skip55
\l_MT_shortvdotswithinadjustabove_dim=\dimen154
\l_MT_shortvdotswithinadjustbelow_dim=\dimen155
\l_MT_above_intertext_sep=\dimen156
\l_MT_below_intertext_sep=\dimen157
\l_MT_above_shortintertext_sep=\dimen158
\l_MT_below_shortintertext_sep=\dimen159
\xmathstrut@box=\box52
\xmathstrut@dim=\dimen160
)
(/usr/local/texlive/2022/texmf-dist/tex/latex/caption/caption.sty
Package: caption 2022/03/01 v3.6b Customizing captions (AR)

(/usr/local/texlive/2022/texmf-dist/tex/latex/caption/caption3.sty
Package: caption3 2022/03/17 v2.3b caption3 kernel (AR)
\caption@tempdima=\dimen161
\captionmargin=\dimen162
\caption@leftmargin=\dimen163
\caption@rightmargin=\dimen164
\caption@width=\dimen165
\caption@indent=\dimen166
\caption@parindent=\dimen167
\caption@hangindent=\dimen168
Package caption Info: Standard document class detected.
)
\c@caption@flags=\count275
\c@continuedfloat=\count276
)
(/usr/local/texlive/2022/texmf-dist/tex/latex/enumitem/enumitem.sty
Package: enumitem 2019/06/20 v3.9 Customized lists
\labelindent=\skip56
\enit@outerparindent=\dimen169
\enit@toks=\toks22
\enit@inbox=\box53
\enit@count@id=\count277
\enitdp@description=\count278
)
(/usr/local/texlive/2022/texmf-dist/tex/latex/epstopdf-pkg/epstopdf.sty
Package: epstopdf 2020-01-24 v2.11 Conversion with epstopdf on the fly (HO)

(/usr/local/texlive/2022/texmf-dist/tex/generic/infwarerr/infwarerr.sty
Package: infwarerr 2019/12/03 v1.5 Providing info/warning/error messages (HO)
)
(/usr/local/texlive/2022/texmf-dist/tex/latex/grfext/grfext.sty
Package: grfext 2019/12/03 v1.3 Manage graphics extensions (HO)

(/usr/local/texlive/2022/texmf-dist/tex/generic/kvdefinekeys/kvdefinekeys.sty
Package: kvdefinekeys 2019-12-19 v1.6 Define keys (HO)
)) (/usr/local/texlive/2022/texmf-dist/tex/latex/kvoptions/kvoptions.sty
Package: kvoptions 2020-10-07 v3.14 Key value format for package options (HO)

(/usr/local/texlive/2022/texmf-dist/tex/generic/ltxcmds/ltxcmds.sty
Package: ltxcmds 2020-05-10 v1.25 LaTeX kernel commands for general use (HO)
)
(/usr/local/texlive/2022/texmf-dist/tex/generic/kvsetkeys/kvsetkeys.sty
Package: kvsetkeys 2019/12/15 v1.18 Key value parser (HO)
))
(/usr/local/texlive/2022/texmf-dist/tex/generic/pdftexcmds/pdftexcmds.sty
Package: pdftexcmds 2020-06-27 v0.33 Utility functions of pdfTeX for LuaTeX (HO
)

(/usr/local/texlive/2022/texmf-dist/tex/generic/iftex/iftex.sty
Package: iftex 2022/02/03 v1.0f TeX engine tests
)
Package pdftexcmds Info: \pdf@primitive is available.
Package pdftexcmds Info: \pdf@ifprimitive is available.
Package pdftexcmds Info: \pdfdraftmode found.
)
(/usr/local/texlive/2022/texmf-dist/tex/latex/epstopdf-pkg/epstopdf-base.sty
Package: epstopdf-base 2020-01-24 v2.11 Base part for package epstopdf
Package epstopdf-base Info: Redefining graphics rule for `.eps' on input line 4
85.
Package grfext Info: Graphics extension search list:
(grfext)             [.pdf,.png,.jpg,.mps,.jpeg,.jbig2,.jb2,.PDF,.PNG,.JPG,.JPE
G,.JBIG2,.JB2,.eps]
(grfext)             \AppendGraphicsExtensions on input line 504.

(/usr/local/texlive/2022/texmf-dist/tex/latex/latexconfig/epstopdf-sys.cfg
File: epstopdf-sys.cfg 2010/07/13 v1.3 Configuration of (r)epstopdf for TeX Liv
e
)))
(/usr/local/texlive/2022/texmf-dist/tex/latex/caption/subcaption.sty
Package: subcaption 2022/01/07 v1.5 Sub-captions (AR)
\c@subfigure=\count279
\c@subtable=\count280
)
(/usr/local/texlive/2022/texmf-dist/tex/latex/psfrag/psfrag.sty
Package: psfrag 1998/04/11 v3.04 PSfrag (MCG)
\pfg@pcount=\count281
\pfg@scount=\count282
\pfg@temp=\write3
)
(/usr/local/texlive/2022/texmf-dist/tex/latex/amsfonts/amssymb.sty
Package: amssymb 2013/01/14 v3.01 AMS font symbols

(/usr/local/texlive/2022/texmf-dist/tex/latex/amsfonts/amsfonts.sty
Package: amsfonts 2013/01/14 v3.01 Basic AMSFonts support
\symAMSa=\mathgroup4
\symAMSb=\mathgroup5
LaTeX Font Info:    Redeclaring math symbol \hbar on input line 98.
LaTeX Font Info:    Overwriting math alphabet `\mathfrak' in version `bold'
(Font)                  U/euf/m/n --> U/euf/b/n on input line 106.
))
(/usr/local/texlive/2022/texmf-dist/tex/generic/epsf/epsf.sty
This is `epsf.tex' v2.7.4 <14 February 2011>
\epsffilein=\read2
\epsfframemargin=\dimen170
\epsfframethickness=\dimen171
\epsfrsize=\dimen172
\epsftmp=\dimen173
\epsftsize=\dimen174
\epsfxsize=\dimen175
\epsfysize=\dimen176
\pspoints=\dimen177
) (/usr/local/texlive/2022/texmf-dist/tex/latex/tools/verbatim.sty
Package: verbatim 2020-07-07 v1.5u LaTeX2e package for verbatim enhancements
\every@verbatim=\toks23
\verbatim@line=\toks24
\verbatim@in@stream=\read3
)
(/usr/local/texlive/2022/texmf-dist/tex/latex/url/url.sty
\Urlmuskip=\muskip17
Package: url 2013/09/16  ver 3.4  Verb mode for urls, etc.
)
(/usr/local/texlive/2022/texmf-dist/tex/latex/graphics/color.sty
Package: color 2021/12/07 v1.3c Standard LaTeX Color (DPC)

(/usr/local/texlive/2022/texmf-dist/tex/latex/graphics-cfg/color.cfg
File: color.cfg 2016/01/02 v1.6 sample color configuration
)
Package color Info: Driver file: pdftex.def on input line 149.
)
(/usr/local/texlive/2022/texmf-dist/tex/latex/bbm-macros/bbm.sty
Package: bbm 1999/03/15 V 1.2 provides fonts for set symbols - TH
LaTeX Font Info:    Overwriting math alphabet `\mathbbm' in version `bold'
(Font)                  U/bbm/m/n --> U/bbm/bx/n on input line 33.
LaTeX Font Info:    Overwriting math alphabet `\mathbbmss' in version `bold'
(Font)                  U/bbmss/m/n --> U/bbmss/bx/n on input line 35.
)
(/usr/local/texlive/2022/texmf-dist/tex/latex/listings/listings.sty
\lst@mode=\count283
\lst@gtempboxa=\box54
\lst@token=\toks25
\lst@length=\count284
\lst@currlwidth=\dimen178
\lst@column=\count285
\lst@pos=\count286
\lst@lostspace=\dimen179
\lst@width=\dimen180
\lst@newlines=\count287
\lst@lineno=\count288
\lst@maxwidth=\dimen181

(/usr/local/texlive/2022/texmf-dist/tex/latex/listings/lstmisc.sty
File: lstmisc.sty 2020/03/24 1.8d (Carsten Heinz)
\c@lstnumber=\count289
\lst@skipnumbers=\count290
\lst@framebox=\box55
)
(/usr/local/texlive/2022/texmf-dist/tex/latex/listings/listings.cfg
File: listings.cfg 2020/03/24 1.8d listings configuration
))
Package: listings 2020/03/24 1.8d (Carsten Heinz)

(/usr/local/texlive/2022/texmf-dist/tex/latex/setspace/setspace.sty
Package: setspace 2011/12/19 v6.7a set line spacing
)
(/usr/local/texlive/2022/texmf-dist/tex/latex/float/float.sty
Package: float 2001/11/08 v1.3d Float enhancements (AL)
\c@float@type=\count291
\float@exts=\toks26
\float@box=\box56
\@float@everytoks=\toks27
\@floatcapt=\box57
)
(/usr/local/texlive/2022/texmf-dist/tex/latex/natbib/natbib.sty
Package: natbib 2010/09/13 8.31b (PWD, AO)
\bibhang=\skip57
\bibsep=\skip58
LaTeX Info: Redefining \cite on input line 694.
\c@NAT@ctr=\count292
)
(/usr/local/texlive/2022/texmf-dist/tex/latex/pgf/frontendlayer/tikz.sty
(/usr/local/texlive/2022/texmf-dist/tex/latex/pgf/basiclayer/pgf.sty
(/usr/local/texlive/2022/texmf-dist/tex/latex/pgf/utilities/pgfrcs.sty
(/usr/local/texlive/2022/texmf-dist/tex/generic/pgf/utilities/pgfutil-common.te
x
\pgfutil@everybye=\toks28
\pgfutil@tempdima=\dimen182
\pgfutil@tempdimb=\dimen183

(/usr/local/texlive/2022/texmf-dist/tex/generic/pgf/utilities/pgfutil-common-li
sts.tex))
(/usr/local/texlive/2022/texmf-dist/tex/generic/pgf/utilities/pgfutil-latex.def
\pgfutil@abb=\box58
) (/usr/local/texlive/2022/texmf-dist/tex/generic/pgf/utilities/pgfrcs.code.tex
(/usr/local/texlive/2022/texmf-dist/tex/generic/pgf/pgf.revision.tex)
Package: pgfrcs 2021/05/15 v3.1.9a (3.1.9a)
))
Package: pgf 2021/05/15 v3.1.9a (3.1.9a)

(/usr/local/texlive/2022/texmf-dist/tex/latex/pgf/basiclayer/pgfcore.sty
(/usr/local/texlive/2022/texmf-dist/tex/latex/pgf/systemlayer/pgfsys.sty
(/usr/local/texlive/2022/texmf-dist/tex/generic/pgf/systemlayer/pgfsys.code.tex
Package: pgfsys 2021/05/15 v3.1.9a (3.1.9a)
(/usr/local/texlive/2022/texmf-dist/tex/generic/pgf/utilities/pgfkeys.code.tex
\pgfkeys@pathtoks=\toks29
\pgfkeys@temptoks=\toks30

(/usr/local/texlive/2022/texmf-dist/tex/generic/pgf/utilities/pgfkeysfiltered.c
ode.tex
\pgfkeys@tmptoks=\toks31
))
\pgf@x=\dimen184
\pgf@y=\dimen185
\pgf@xa=\dimen186
\pgf@ya=\dimen187
\pgf@xb=\dimen188
\pgf@yb=\dimen189
\pgf@xc=\dimen190
\pgf@yc=\dimen191
\pgf@xd=\dimen192
\pgf@yd=\dimen193
\w@pgf@writea=\write4
\r@pgf@reada=\read4
\c@pgf@counta=\count293
\c@pgf@countb=\count294
\c@pgf@countc=\count295
\c@pgf@countd=\count296
\t@pgf@toka=\toks32
\t@pgf@tokb=\toks33
\t@pgf@tokc=\toks34
\pgf@sys@id@count=\count297

(/usr/local/texlive/2022/texmf-dist/tex/generic/pgf/systemlayer/pgf.cfg
File: pgf.cfg 2021/05/15 v3.1.9a (3.1.9a)
)
Driver file for pgf: pgfsys-pdftex.def

(/usr/local/texlive/2022/texmf-dist/tex/generic/pgf/systemlayer/pgfsys-pdftex.d
ef
File: pgfsys-pdftex.def 2021/05/15 v3.1.9a (3.1.9a)

(/usr/local/texlive/2022/texmf-dist/tex/generic/pgf/systemlayer/pgfsys-common-p
df.def
File: pgfsys-common-pdf.def 2021/05/15 v3.1.9a (3.1.9a)
)))
(/usr/local/texlive/2022/texmf-dist/tex/generic/pgf/systemlayer/pgfsyssoftpath.
code.tex
File: pgfsyssoftpath.code.tex 2021/05/15 v3.1.9a (3.1.9a)
\pgfsyssoftpath@smallbuffer@items=\count298
\pgfsyssoftpath@bigbuffer@items=\count299
)
(/usr/local/texlive/2022/texmf-dist/tex/generic/pgf/systemlayer/pgfsysprotocol.
code.tex
File: pgfsysprotocol.code.tex 2021/05/15 v3.1.9a (3.1.9a)
)) (/usr/local/texlive/2022/texmf-dist/tex/latex/xcolor/xcolor.sty
Package: xcolor 2021/10/31 v2.13 LaTeX color extensions (UK)

(/usr/local/texlive/2022/texmf-dist/tex/latex/graphics-cfg/color.cfg
File: color.cfg 2016/01/02 v1.6 sample color configuration
)
Package xcolor Info: Driver file: pdftex.def on input line 227.
LaTeX Info: Redefining \color on input line 711.
Package xcolor Info: Model `cmy' substituted by `cmy0' on input line 1352.
Package xcolor Info: Model `hsb' substituted by `rgb' on input line 1356.
Package xcolor Info: Model `RGB' extended on input line 1368.
Package xcolor Info: Model `HTML' substituted by `rgb' on input line 1370.
Package xcolor Info: Model `Hsb' substituted by `hsb' on input line 1371.
Package xcolor Info: Model `tHsb' substituted by `hsb' on input line 1372.
Package xcolor Info: Model `HSB' substituted by `hsb' on input line 1373.
Package xcolor Info: Model `Gray' substituted by `gray' on input line 1374.
Package xcolor Info: Model `wave' substituted by `hsb' on input line 1375.
)
(/usr/local/texlive/2022/texmf-dist/tex/generic/pgf/basiclayer/pgfcore.code.tex
Package: pgfcore 2021/05/15 v3.1.9a (3.1.9a)
(/usr/local/texlive/2022/texmf-dist/tex/generic/pgf/math/pgfmath.code.tex
(/usr/local/texlive/2022/texmf-dist/tex/generic/pgf/math/pgfmathcalc.code.tex
(/usr/local/texlive/2022/texmf-dist/tex/generic/pgf/math/pgfmathutil.code.tex)
(/usr/local/texlive/2022/texmf-dist/tex/generic/pgf/math/pgfmathparser.code.tex
\pgfmath@dimen=\dimen194
\pgfmath@count=\count300
\pgfmath@box=\box59
\pgfmath@toks=\toks35
\pgfmath@stack@operand=\toks36
\pgfmath@stack@operation=\toks37
)
(/usr/local/texlive/2022/texmf-dist/tex/generic/pgf/math/pgfmathfunctions.code.
tex
(/usr/local/texlive/2022/texmf-dist/tex/generic/pgf/math/pgfmathfunctions.basic
.code.tex)
(/usr/local/texlive/2022/texmf-dist/tex/generic/pgf/math/pgfmathfunctions.trigo
nometric.code.tex)
(/usr/local/texlive/2022/texmf-dist/tex/generic/pgf/math/pgfmathfunctions.rando
m.code.tex)
(/usr/local/texlive/2022/texmf-dist/tex/generic/pgf/math/pgfmathfunctions.compa
rison.code.tex)
(/usr/local/texlive/2022/texmf-dist/tex/generic/pgf/math/pgfmathfunctions.base.
code.tex)
(/usr/local/texlive/2022/texmf-dist/tex/generic/pgf/math/pgfmathfunctions.round
.code.tex)
(/usr/local/texlive/2022/texmf-dist/tex/generic/pgf/math/pgfmathfunctions.misc.
code.tex)
(/usr/local/texlive/2022/texmf-dist/tex/generic/pgf/math/pgfmathfunctions.integ
erarithmetics.code.tex)))
(/usr/local/texlive/2022/texmf-dist/tex/generic/pgf/math/pgfmathfloat.code.tex
\c@pgfmathroundto@lastzeros=\count301
)) (/usr/local/texlive/2022/texmf-dist/tex/generic/pgf/math/pgfint.code.tex)
(/usr/local/texlive/2022/texmf-dist/tex/generic/pgf/basiclayer/pgfcorepoints.co
de.tex
File: pgfcorepoints.code.tex 2021/05/15 v3.1.9a (3.1.9a)
\pgf@picminx=\dimen195
\pgf@picmaxx=\dimen196
\pgf@picminy=\dimen197
\pgf@picmaxy=\dimen198
\pgf@pathminx=\dimen199
\pgf@pathmaxx=\dimen256
\pgf@pathminy=\dimen257
\pgf@pathmaxy=\dimen258
\pgf@xx=\dimen259
\pgf@xy=\dimen260
\pgf@yx=\dimen261
\pgf@yy=\dimen262
\pgf@zx=\dimen263
\pgf@zy=\dimen264
)
(/usr/local/texlive/2022/texmf-dist/tex/generic/pgf/basiclayer/pgfcorepathconst
ruct.code.tex
File: pgfcorepathconstruct.code.tex 2021/05/15 v3.1.9a (3.1.9a)
\pgf@path@lastx=\dimen265
\pgf@path@lasty=\dimen266
)
(/usr/local/texlive/2022/texmf-dist/tex/generic/pgf/basiclayer/pgfcorepathusage
.code.tex
File: pgfcorepathusage.code.tex 2021/05/15 v3.1.9a (3.1.9a)
\pgf@shorten@end@additional=\dimen267
\pgf@shorten@start@additional=\dimen268
)
(/usr/local/texlive/2022/texmf-dist/tex/generic/pgf/basiclayer/pgfcorescopes.co
de.tex
File: pgfcorescopes.code.tex 2021/05/15 v3.1.9a (3.1.9a)
\pgfpic=\box60
\pgf@hbox=\box61
\pgf@layerbox@main=\box62
\pgf@picture@serial@count=\count302
)
(/usr/local/texlive/2022/texmf-dist/tex/generic/pgf/basiclayer/pgfcoregraphicst
ate.code.tex
File: pgfcoregraphicstate.code.tex 2021/05/15 v3.1.9a (3.1.9a)
\pgflinewidth=\dimen269
)
(/usr/local/texlive/2022/texmf-dist/tex/generic/pgf/basiclayer/pgfcoretransform
ations.code.tex
File: pgfcoretransformations.code.tex 2021/05/15 v3.1.9a (3.1.9a)
\pgf@pt@x=\dimen270
\pgf@pt@y=\dimen271
\pgf@pt@temp=\dimen272
)
(/usr/local/texlive/2022/texmf-dist/tex/generic/pgf/basiclayer/pgfcorequick.cod
e.tex
File: pgfcorequick.code.tex 2021/05/15 v3.1.9a (3.1.9a)
)
(/usr/local/texlive/2022/texmf-dist/tex/generic/pgf/basiclayer/pgfcoreobjects.c
ode.tex
File: pgfcoreobjects.code.tex 2021/05/15 v3.1.9a (3.1.9a)
)
(/usr/local/texlive/2022/texmf-dist/tex/generic/pgf/basiclayer/pgfcorepathproce
ssing.code.tex
File: pgfcorepathprocessing.code.tex 2021/05/15 v3.1.9a (3.1.9a)
)
(/usr/local/texlive/2022/texmf-dist/tex/generic/pgf/basiclayer/pgfcorearrows.co
de.tex
File: pgfcorearrows.code.tex 2021/05/15 v3.1.9a (3.1.9a)
\pgfarrowsep=\dimen273
)
(/usr/local/texlive/2022/texmf-dist/tex/generic/pgf/basiclayer/pgfcoreshade.cod
e.tex
File: pgfcoreshade.code.tex 2021/05/15 v3.1.9a (3.1.9a)
\pgf@max=\dimen274
\pgf@sys@shading@range@num=\count303
\pgf@shadingcount=\count304
)
(/usr/local/texlive/2022/texmf-dist/tex/generic/pgf/basiclayer/pgfcoreimage.cod
e.tex
File: pgfcoreimage.code.tex 2021/05/15 v3.1.9a (3.1.9a)

(/usr/local/texlive/2022/texmf-dist/tex/generic/pgf/basiclayer/pgfcoreexternal.
code.tex
File: pgfcoreexternal.code.tex 2021/05/15 v3.1.9a (3.1.9a)
\pgfexternal@startupbox=\box63
))
(/usr/local/texlive/2022/texmf-dist/tex/generic/pgf/basiclayer/pgfcorelayers.co
de.tex
File: pgfcorelayers.code.tex 2021/05/15 v3.1.9a (3.1.9a)
)
(/usr/local/texlive/2022/texmf-dist/tex/generic/pgf/basiclayer/pgfcoretranspare
ncy.code.tex
File: pgfcoretransparency.code.tex 2021/05/15 v3.1.9a (3.1.9a)
)
(/usr/local/texlive/2022/texmf-dist/tex/generic/pgf/basiclayer/pgfcorepatterns.
code.tex
File: pgfcorepatterns.code.tex 2021/05/15 v3.1.9a (3.1.9a)
)
(/usr/local/texlive/2022/texmf-dist/tex/generic/pgf/basiclayer/pgfcorerdf.code.
tex
File: pgfcorerdf.code.tex 2021/05/15 v3.1.9a (3.1.9a)
)))
(/usr/local/texlive/2022/texmf-dist/tex/generic/pgf/modules/pgfmoduleshapes.cod
e.tex
File: pgfmoduleshapes.code.tex 2021/05/15 v3.1.9a (3.1.9a)
\pgfnodeparttextbox=\box64
)
(/usr/local/texlive/2022/texmf-dist/tex/generic/pgf/modules/pgfmoduleplot.code.
tex
File: pgfmoduleplot.code.tex 2021/05/15 v3.1.9a (3.1.9a)
)
(/usr/local/texlive/2022/texmf-dist/tex/latex/pgf/compatibility/pgfcomp-version
-0-65.sty
Package: pgfcomp-version-0-65 2021/05/15 v3.1.9a (3.1.9a)
\pgf@nodesepstart=\dimen275
\pgf@nodesepend=\dimen276
)
(/usr/local/texlive/2022/texmf-dist/tex/latex/pgf/compatibility/pgfcomp-version
-1-18.sty
Package: pgfcomp-version-1-18 2021/05/15 v3.1.9a (3.1.9a)
))
(/usr/local/texlive/2022/texmf-dist/tex/latex/pgf/utilities/pgffor.sty
(/usr/local/texlive/2022/texmf-dist/tex/latex/pgf/utilities/pgfkeys.sty
(/usr/local/texlive/2022/texmf-dist/tex/generic/pgf/utilities/pgfkeys.code.tex)
) (/usr/local/texlive/2022/texmf-dist/tex/latex/pgf/math/pgfmath.sty
(/usr/local/texlive/2022/texmf-dist/tex/generic/pgf/math/pgfmath.code.tex))
(/usr/local/texlive/2022/texmf-dist/tex/generic/pgf/utilities/pgffor.code.tex
Package: pgffor 2021/05/15 v3.1.9a (3.1.9a)

(/usr/local/texlive/2022/texmf-dist/tex/generic/pgf/math/pgfmath.code.tex)
\pgffor@iter=\dimen277
\pgffor@skip=\dimen278
\pgffor@stack=\toks38
\pgffor@toks=\toks39
))
(/usr/local/texlive/2022/texmf-dist/tex/generic/pgf/frontendlayer/tikz/tikz.cod
e.tex
Package: tikz 2021/05/15 v3.1.9a (3.1.9a)

(/usr/local/texlive/2022/texmf-dist/tex/generic/pgf/libraries/pgflibraryplothan
dlers.code.tex
File: pgflibraryplothandlers.code.tex 2021/05/15 v3.1.9a (3.1.9a)
\pgf@plot@mark@count=\count305
\pgfplotmarksize=\dimen279
)
\tikz@lastx=\dimen280
\tikz@lasty=\dimen281
\tikz@lastxsaved=\dimen282
\tikz@lastysaved=\dimen283
\tikz@lastmovetox=\dimen284
\tikz@lastmovetoy=\dimen285
\tikzleveldistance=\dimen286
\tikzsiblingdistance=\dimen287
\tikz@figbox=\box65
\tikz@figbox@bg=\box66
\tikz@tempbox=\box67
\tikz@tempbox@bg=\box68
\tikztreelevel=\count306
\tikznumberofchildren=\count307
\tikznumberofcurrentchild=\count308
\tikz@fig@count=\count309

(/usr/local/texlive/2022/texmf-dist/tex/generic/pgf/modules/pgfmodulematrix.cod
e.tex
File: pgfmodulematrix.code.tex 2021/05/15 v3.1.9a (3.1.9a)
\pgfmatrixcurrentrow=\count310
\pgfmatrixcurrentcolumn=\count311
\pgf@matrix@numberofcolumns=\count312
)
\tikz@expandcount=\count313

(/usr/local/texlive/2022/texmf-dist/tex/generic/pgf/frontendlayer/tikz/librarie
s/tikzlibrarytopaths.code.tex
File: tikzlibrarytopaths.code.tex 2021/05/15 v3.1.9a (3.1.9a)
)))
(/usr/local/texlive/2022/texmf-dist/tex/latex/bbding/bbding.sty
Package: bbding 1999/04/15 v1.01 Dingbats symbols
)
(/usr/local/texlive/2022/texmf-dist/tex/latex/psnfss/pifont.sty
Package: pifont 2020/03/25 PSNFSS-v9.3 Pi font support (SPQR) 
LaTeX Font Info:    Trying to load font information for U+pzd on input line 63.


(/usr/local/texlive/2022/texmf-dist/tex/latex/psnfss/upzd.fd
File: upzd.fd 2001/06/04 font definitions for U/pzd.
)
LaTeX Font Info:    Trying to load font information for U+psy on input line 64.


(/usr/local/texlive/2022/texmf-dist/tex/latex/psnfss/upsy.fd
File: upsy.fd 2001/06/04 font definitions for U/psy.
))
(/usr/local/texlive/2022/texmf-dist/tex/latex/wasysym/wasysym.sty
Package: wasysym 2020/01/19 v2.4 Wasy-2 symbol support package
\symwasy=\mathgroup6
LaTeX Font Info:    Overwriting symbol font `wasy' in version `bold'
(Font)                  U/wasy/m/n --> U/wasy/b/n on input line 93.
)
(/usr/local/texlive/2022/texmf-dist/tex/latex/booktabs/booktabs.sty
Package: booktabs 2020/01/12 v1.61803398 Publication quality tables
\heavyrulewidth=\dimen288
\lightrulewidth=\dimen289
\cmidrulewidth=\dimen290
\belowrulesep=\dimen291
\belowbottomsep=\dimen292
\aboverulesep=\dimen293
\abovetopsep=\dimen294
\cmidrulesep=\dimen295
\cmidrulekern=\dimen296
\defaultaddspace=\dimen297
\@cmidla=\count314
\@cmidlb=\count315
\@aboverulesep=\dimen298
\@belowrulesep=\dimen299
\@thisruleclass=\count316
\@lastruleclass=\count317
\@thisrulewidth=\dimen300
))
(/usr/local/texlive/2022/texmf-dist/tex/latex/doublestroke/dsfont.sty
Package: dsfont 1995/08/01 v0.1 Double stroke roman fonts
)
(/usr/local/texlive/2022/texmf-dist/tex/latex/l3backend/l3backend-pdftex.def
File: l3backend-pdftex.def 2022-02-07 L3 backend support: PDF output (pdfTeX)
\l__color_backend_stack_int=\count318
\l__pdf_internal_box=\box69
)
(./ps3.aux)
\openout1 = `ps3.aux'.

LaTeX Font Info:    Checking defaults for OML/cmm/m/it on input line 29.
LaTeX Font Info:    ... okay on input line 29.
LaTeX Font Info:    Checking defaults for OMS/cmsy/m/n on input line 29.
LaTeX Font Info:    ... okay on input line 29.
LaTeX Font Info:    Checking defaults for OT1/cmr/m/n on input line 29.
LaTeX Font Info:    ... okay on input line 29.
LaTeX Font Info:    Checking defaults for T1/cmr/m/n on input line 29.
LaTeX Font Info:    ... okay on input line 29.
LaTeX Font Info:    Checking defaults for TS1/cmr/m/n on input line 29.
LaTeX Font Info:    ... okay on input line 29.
LaTeX Font Info:    Checking defaults for OMX/cmex/m/n on input line 29.
LaTeX Font Info:    ... okay on input line 29.
LaTeX Font Info:    Checking defaults for U/cmr/m/n on input line 29.
LaTeX Font Info:    ... okay on input line 29.

(/usr/local/texlive/2022/texmf-dist/tex/context/base/mkii/supp-pdf.mkii
[Loading MPS to PDF converter (version 2006.09.02).]
\scratchcounter=\count319
\scratchdimen=\dimen301
\scratchbox=\box70
\nofMPsegments=\count320
\nofMParguments=\count321
\everyMPshowfont=\toks40
\MPscratchCnt=\count322
\MPscratchDim=\dimen302
\MPnumerator=\count323
\makeMPintoPDFobject=\count324
\everyMPtoPDFconversion=\toks41
)
Package caption Info: Begin \AtBeginDocument code.
Package caption Info: float package is loaded.
Package caption Info: listings package is loaded.
Package caption Info: End \AtBeginDocument code.
\c@lstlisting=\count325

Underfull \hbox (badness 10000) in paragraph at lines 34--41

 []

(./00-instructions/00-main.tex (./00-instructions/01-general.tex
LaTeX Font Info:    Trying to load font information for U+msa on input line 4.

(/usr/local/texlive/2022/texmf-dist/tex/latex/amsfonts/umsa.fd
File: umsa.fd 2013/01/14 v3.01 AMS symbols A
)
LaTeX Font Info:    Trying to load font information for U+msb on input line 4.

(/usr/local/texlive/2022/texmf-dist/tex/latex/amsfonts/umsb.fd
File: umsb.fd 2013/01/14 v3.01 AMS symbols B
)
LaTeX Font Info:    Trying to load font information for U+wasy on input line 4.


(/usr/local/texlive/2022/texmf-dist/tex/latex/wasysym/uwasy.fd
File: uwasy.fd 2020/01/19 v2.4 Wasy-2 symbol font definitions
))
(./00-instructions/02-submission.tex))

Package enumitem Warning: Negative labelwidth. This does not make much
(enumitem)                sense, on input line 50.

[1
Non-PDF special ignored!
<special> header=psfrag.pro
{/usr/local/texlive/2022/texmf-var/fonts/map/pdftex/updmap/pdftex.map}

]
(./cartpole/00-main.tex
Package epstopdf Info: Source file: <cartpole/cart_pole.eps>
(epstopdf)                    date: 2022-07-27 06:02:38
(epstopdf)                    size: 7835 bytes
(epstopdf)             Output file: <cartpole/cart_pole-eps-converted-to.pdf>
(epstopdf)                    date: 2022-08-01 21:40:20
(epstopdf)                    size: 4837 bytes
(epstopdf)             Command: <repstopdf --outfile=cartpole/cart_pole-eps-con
verted-to.pdf cartpole/cart_pole.eps>
(epstopdf)             \includegraphics on input line 22.
Package epstopdf Info: Output file is already uptodate.
<cartpole/cart_pole-eps-converted-to.pdf, id=15, 477.785pt x 377.41pt>
File: cartpole/cart_pole-eps-converted-to.pdf Graphic file (type pdf)
<use cartpole/cart_pole-eps-converted-to.pdf>
Package pdftex.def Info: cartpole/cart_pole-eps-converted-to.pdf  used on input
 line 22.
(pdftex.def)             Requested size: 170.71652pt x 134.84818pt.
 [2

 <./cartpole/cart_pole-eps-converted-to.pdf>]
(./cartpole/00-main-sol.tex
Underfull \hbox (badness 10000) in paragraph at lines 1--5

 []


Underfull \hbox (badness 10000) in paragraph at lines 1--5

 []

<cartpole/control.pdf, id=30, 462.52798pt x 346.89601pt>
File: cartpole/control.pdf Graphic file (type pdf)
<use cartpole/control.pdf>
Package pdftex.def Info: cartpole/control.pdf  used on input line 6.
(pdftex.def)             Requested size: 170.71652pt x 128.0372pt.
[3]))
Underfull \hbox (badness 10000) in paragraph at lines 9--57

 []


Underfull \hbox (badness 10000) in paragraph at lines 9--57

 []


Underfull \hbox (badness 10000) in paragraph at lines 9--57

 []

[4 <./cartpole/control.pdf>] (./kl_divergence/00-main.tex [5

] [6]
(./kl_divergence/01-nonnegative.tex) (./kl_divergence/01-nonnegative_sol.tex)
Underfull \hbox (badness 10000) in paragraph at lines 2--120

 []


Underfull \hbox (badness 10000) in paragraph at lines 2--120

 []


Underfull \hbox (badness 10000) in paragraph at lines 2--120

 []


Underfull \hbox (badness 10000) in paragraph at lines 2--120

 []


Underfull \hbox (badness 10000) in paragraph at lines 2--120

 []


Underfull \hbox (badness 10000) in paragraph at lines 2--120

 []


Underfull \hbox (badness 10000) in paragraph at lines 2--120

 []


Underfull \hbox (badness 10000) in paragraph at lines 2--120

 []


Underfull \hbox (badness 10000) in paragraph at lines 2--120

 []


Underfull \hbox (badness 10000) in paragraph at lines 2--120

 []

(./kl_divergence/02-chain_rule.tex [7]) (./kl_divergence/02-chain_rule_sol.tex)

Underfull \hbox (badness 10000) in paragraph at lines 2--125

 []


Underfull \hbox (badness 10000) in paragraph at lines 2--125

 []


Underfull \hbox (badness 10000) in paragraph at lines 2--125

 []


Underfull \hbox (badness 10000) in paragraph at lines 2--125

 []


Underfull \hbox (badness 10000) in paragraph at lines 2--125

 []


Underfull \hbox (badness 10000) in paragraph at lines 2--125

 []

(./kl_divergence/03-max_likelihood.tex)
(./kl_divergence/03-max_likelihood_sol.tex)
Underfull \hbox (badness 10000) in paragraph at lines 2--131

 []


Underfull \hbox (badness 10000) in paragraph at lines 2--131

 []


Underfull \hbox (badness 10000) in paragraph at lines 2--131

 []


Underfull \hbox (badness 10000) in paragraph at lines 2--131

 []


Underfull \hbox (badness 10000) in paragraph at lines 2--131

 []


Underfull \hbox (badness 10000) in paragraph at lines 2--131

 []

[8]) [9] (./k_means/00-main.tex
Overfull \hbox (24.62076pt too wide) in paragraph at lines 6--7
[]\OT1/cmr/m/n/10 We will be us-ing the files \OT1/cmtt/m/n/10 src/k[]means/pep
pers-small.tiff \OT1/cmr/m/n/10 and \OT1/cmtt/m/n/10 src/k[]means/peppers-large
.tiff\OT1/cmr/m/n/10 . 
 []

(./k_means/01-k_means_impl.tex
Overfull \hbox (24.063pt too wide) in paragraph at lines 16--17
\OT1/cmr/m/n/10 value of the clos-est clus-ter cen-troid from the set of cen-tr
oids com-puted with \OT1/cmtt/m/n/10 peppers-small.tiff\OT1/cmr/m/n/10 .
 []

) (./k_means/01-k_means_impl_sol.tex
<k_means/orig_large.png, id=90, 281.1303pt x 297.0297pt>
File: k_means/orig_large.png Graphic file (type png)
<use k_means/orig_large.png>
Package pdftex.def Info: k_means/orig_large.png  used on input line 4.
(pdftex.def)             Requested size: 133.52945pt x 141.0815pt.
<k_means/orig_small.png, id=92, 281.1303pt x 297.0297pt>
File: k_means/orig_small.png Graphic file (type png)
<use k_means/orig_small.png>
Package pdftex.def Info: k_means/orig_small.png  used on input line 7.
(pdftex.def)             Requested size: 133.52945pt x 141.0815pt.
<k_means/updated_large.png, id=93, 281.1303pt x 297.0297pt>
File: k_means/updated_large.png Graphic file (type png)
<use k_means/updated_large.png>
Package pdftex.def Info: k_means/updated_large.png  used on input line 10.
(pdftex.def)             Requested size: 133.52945pt x 141.0815pt.
)
Underfull \hbox (badness 10000) in paragraph at lines 1--32

 []


Underfull \hbox (badness 10000) in paragraph at lines 1--32

 []


Underfull \hbox (badness 10000) in paragraph at lines 1--32

 []


Underfull \hbox (badness 10000) in paragraph at lines 1--32

 []


Underfull \hbox (badness 10000) in paragraph at lines 1--32

 []


Underfull \hbox (badness 10000) in paragraph at lines 1--32

 []


Underfull \hbox (badness 10000) in paragraph at lines 1--32

 []


Underfull \hbox (badness 10000) in paragraph at lines 1--32

 []


Underfull \hbox (badness 10000) in paragraph at lines 1--32

 []


Underfull \hbox (badness 10000) in paragraph at lines 1--32

 []


Underfull \hbox (badness 10000) in paragraph at lines 1--32

 []


Underfull \hbox (badness 10000) in paragraph at lines 1--32

 []


Underfull \hbox (badness 10000) in paragraph at lines 1--32

 []


Underfull \hbox (badness 10000) in paragraph at lines 1--32

 []


Underfull \hbox (badness 10000) in paragraph at lines 1--32

 []


LaTeX Warning: `!h' float specifier changed to `!ht'.

[10

] (./k_means/02-compression_factor.tex)
(./k_means/02-compression_factor_sol.tex)
Underfull \hbox (badness 10000) in paragraph at lines 1--39

 []


Underfull \hbox (badness 10000) in paragraph at lines 1--39

 []


Underfull \hbox (badness 10000) in paragraph at lines 1--39

 []


Underfull \hbox (badness 10000) in paragraph at lines 1--39

 []

) [11 <./k_means/orig_large.png> <./k_means/orig_small.png> <./k_means/updated_
large.png>] (./semi_supervised_em/00-main.tex
(./semi_supervised_em/01-convergence.tex)
(./semi_supervised_em/01-convergence-sol.tex)
Underfull \hbox (badness 10000) in paragraph at lines 2--43

 []


Underfull \hbox (badness 10000) in paragraph at lines 2--43

 []


Underfull \hbox (badness 10000) in paragraph at lines 2--43

 []


Underfull \hbox (badness 10000) in paragraph at lines 2--43

 []


Underfull \hbox (badness 10000) in paragraph at lines 2--43

 []


Underfull \hbox (badness 10000) in paragraph at lines 2--43

 []

[12

] (./semi_supervised_em/02-e-step.tex)
(./semi_supervised_em/02-e-step-sol.tex
Underfull \hbox (badness 10000) in paragraph at lines 2--8

 []


Underfull \hbox (badness 10000) in paragraph at lines 2--8

 []


Underfull \hbox (badness 10000) in paragraph at lines 2--8

 []


Underfull \hbox (badness 10000) in paragraph at lines 2--8

 []


Underfull \hbox (badness 10000) in paragraph at lines 2--8

 []


Underfull \hbox (badness 10000) in paragraph at lines 2--8

 []

[13]
Underfull \hbox (badness 10000) in paragraph at lines 10--11

 []


Underfull \hbox (badness 10000) in paragraph at lines 10--11

 []

) (./semi_supervised_em/03-m-step.tex) (./semi_supervised_em/03-m-step-sol.tex
<semi_supervised_em/1.png, id=112, 2618.78375pt x 3200.95876pt>
File: semi_supervised_em/1.png Graphic file (type png)
<use semi_supervised_em/1.png>
Package pdftex.def Info: semi_supervised_em/1.png  used on input line 2.
(pdftex.def)             Requested size: 426.76608pt x 569.01671pt.
<semi_supervised_em/2.png, id=113, 2383.90625pt x 3027.31pt>
File: semi_supervised_em/2.png Graphic file (type png)
<use semi_supervised_em/2.png>
Package pdftex.def Info: semi_supervised_em/2.png  used on input line 3.
(pdftex.def)             Requested size: 426.79295pt x 569.05122pt.
)
Overfull \hbox (76.19171pt too wide) in paragraph at lines 1--70
[]\OT1/cmr/bx/n/10 Answer: [][]
 []


Overfull \hbox (31.52296pt too wide) in paragraph at lines 1--70
[]
 []

[14] [15 <./semi_supervised_em/1.png>]
(./semi_supervised_em/04-impl-unsupervised.tex [16 <./semi_supervised_em/2.png>
]) (./semi_supervised_em/04-impl-unsupervised-sol.tex
<semi_supervised_em/pred_0.pdf, id=125, 867.24pt x 578.16pt>
File: semi_supervised_em/pred_0.pdf Graphic file (type pdf)
<use semi_supervised_em/pred_0.pdf>
Package pdftex.def Info: semi_supervised_em/pred_0.pdf  used on input line 4.
(pdftex.def)             Requested size: 133.52945pt x 89.01398pt.
<semi_supervised_em/pred_1.pdf, id=126, 867.24pt x 578.16pt>
File: semi_supervised_em/pred_1.pdf Graphic file (type pdf)
<use semi_supervised_em/pred_1.pdf>
Package pdftex.def Info: semi_supervised_em/pred_1.pdf  used on input line 7.
(pdftex.def)             Requested size: 133.52945pt x 89.01398pt.
<semi_supervised_em/pred_2.pdf, id=127, 867.24pt x 578.16pt>
File: semi_supervised_em/pred_2.pdf Graphic file (type pdf)
<use semi_supervised_em/pred_2.pdf>
Package pdftex.def Info: semi_supervised_em/pred_2.pdf  used on input line 10.
(pdftex.def)             Requested size: 133.52945pt x 89.01398pt.
)
Underfull \hbox (badness 10000) in paragraph at lines 1--76

 []


Underfull \hbox (badness 10000) in paragraph at lines 1--76

 []


Underfull \hbox (badness 10000) in paragraph at lines 1--76

 []


Underfull \hbox (badness 10000) in paragraph at lines 1--76

 []


Underfull \hbox (badness 10000) in paragraph at lines 1--76

 []


Underfull \hbox (badness 10000) in paragraph at lines 1--76

 []


Underfull \hbox (badness 10000) in paragraph at lines 1--76

 []


Underfull \hbox (badness 10000) in paragraph at lines 1--76

 []


Underfull \hbox (badness 10000) in paragraph at lines 1--76

 []


Underfull \hbox (badness 10000) in paragraph at lines 1--76

 []


Underfull \hbox (badness 10000) in paragraph at lines 1--76

 []


Underfull \hbox (badness 10000) in paragraph at lines 1--76

 []


Underfull \hbox (badness 10000) in paragraph at lines 1--76

 []


Underfull \hbox (badness 10000) in paragraph at lines 1--76

 []


Underfull \hbox (badness 10000) in paragraph at lines 1--76

 []

(./semi_supervised_em/05-impl-semi-supervised.tex)
(./semi_supervised_em/05-impl-semi-supervised-sol.tex
<semi_supervised_em/pred_ss_0.pdf, id=128, 867.24pt x 578.16pt>
File: semi_supervised_em/pred_ss_0.pdf Graphic file (type pdf)
<use semi_supervised_em/pred_ss_0.pdf>
Package pdftex.def Info: semi_supervised_em/pred_ss_0.pdf  used on input line 4
.
(pdftex.def)             Requested size: 133.52945pt x 89.01398pt.
<semi_supervised_em/pred_ss_1.pdf, id=129, 867.24pt x 578.16pt>
File: semi_supervised_em/pred_ss_1.pdf Graphic file (type pdf)
<use semi_supervised_em/pred_ss_1.pdf>
Package pdftex.def Info: semi_supervised_em/pred_ss_1.pdf  used on input line 7
.
(pdftex.def)             Requested size: 133.52945pt x 89.01398pt.
<semi_supervised_em/pred_ss_2.pdf, id=130, 867.24pt x 578.16pt>
File: semi_supervised_em/pred_ss_2.pdf Graphic file (type pdf)
<use semi_supervised_em/pred_ss_2.pdf>
Package pdftex.def Info: semi_supervised_em/pred_ss_2.pdf  used on input line 1
0.
(pdftex.def)             Requested size: 133.52945pt x 89.01398pt.
)
Underfull \hbox (badness 10000) in paragraph at lines 1--81

 []


Underfull \hbox (badness 10000) in paragraph at lines 1--81

 []


Underfull \hbox (badness 10000) in paragraph at lines 1--81

 []


Underfull \hbox (badness 10000) in paragraph at lines 1--81

 []


Underfull \hbox (badness 10000) in paragraph at lines 1--81

 []


Underfull \hbox (badness 10000) in paragraph at lines 1--81

 []


Underfull \hbox (badness 10000) in paragraph at lines 1--81

 []


Underfull \hbox (badness 10000) in paragraph at lines 1--81

 []


Underfull \hbox (badness 10000) in paragraph at lines 1--81

 []


Underfull \hbox (badness 10000) in paragraph at lines 1--81

 []


Underfull \hbox (badness 10000) in paragraph at lines 1--81

 []


Underfull \hbox (badness 10000) in paragraph at lines 1--81

 []


Underfull \hbox (badness 10000) in paragraph at lines 1--81

 []


Underfull \hbox (badness 10000) in paragraph at lines 1--81

 []


Underfull \hbox (badness 10000) in paragraph at lines 1--81

 []


LaTeX Warning: `!h' float specifier changed to `!ht'.

[17 <./semi_supervised_em/pred_0.pdf> <./semi_supervised_em/pred_1.pdf> <./semi
_supervised_em/pred_2.pdf>] (./semi_supervised_em/06-comparison.tex)
(./semi_supervised_em/06-comparison-sol.tex)
Underfull \hbox (badness 10000) in paragraph at lines 1--86

 []


Underfull \hbox (badness 10000) in paragraph at lines 1--86

 []


Underfull \hbox (badness 10000) in paragraph at lines 1--86

 []


Underfull \hbox (badness 10000) in paragraph at lines 1--86

 []


Underfull \hbox (badness 10000) in paragraph at lines 1--86

 []

) [18 <./semi_supervised_em/pred_ss_0.pdf> <./semi_supervised_em/pred_ss_1.pdf>
 <./semi_supervised_em/pred_ss_2.pdf>] (./pca/00-main.tex
(./pca/00-main-sol.tex)
Underfull \hbox (badness 10000) in paragraph at lines 2--30

 []


Underfull \hbox (badness 10000) in paragraph at lines 2--30

 []


Underfull \hbox (badness 10000) in paragraph at lines 2--30

 []


Underfull \hbox (badness 10000) in paragraph at lines 2--30

 []


Underfull \hbox (badness 10000) in paragraph at lines 2--30

 []


Underfull \hbox (badness 10000) in paragraph at lines 2--30

 []


Underfull \hbox (badness 10000) in paragraph at lines 2--30

 []


Underfull \hbox (badness 10000) in paragraph at lines 2--30

 []

) [19

] (./ica/00-main.tex (./ica/01-gaussian.tex) (./ica/01-gaussian-sol.tex
Underfull \hbox (badness 10000) in paragraph at lines 2--13

 []


Underfull \hbox (badness 10000) in paragraph at lines 2--13

 []


Underfull \hbox (badness 10000) in paragraph at lines 2--13

 []


Underfull \hbox (badness 10000) in paragraph at lines 2--13

 []


Underfull \hbox (badness 10000) in paragraph at lines 2--13

 []


Underfull \hbox (badness 10000) in paragraph at lines 14--21

 []


Underfull \hbox (badness 10000) in paragraph at lines 14--21

 []


Underfull \hbox (badness 10000) in paragraph at lines 22--29

 []


Underfull \hbox (badness 10000) in paragraph at lines 22--29

 []

[20

])
Underfull \hbox (badness 10000) in paragraph at lines 30--14

 []


Underfull \hbox (badness 10000) in paragraph at lines 30--14

 []


Underfull \hbox (badness 10000) in paragraph at lines 30--14

 []


Underfull \hbox (badness 10000) in paragraph at lines 30--14

 []

(./ica/02-laplace.tex
Overfull \hbox (0.81352pt too wide) in paragraph at lines 3--4
\OT1/cmr/m/n/10 dis-tri-bu-tion, i.e $\OML/cmm/m/it/10 s[] \OMS/cmsy/m/n/10 ^^X
 L\OT1/cmr/m/n/10 (0\OML/cmm/m/it/10 ; \OT1/cmr/m/n/10 1)$. The Laplace dis-tri
-bu-tion $\OMS/cmsy/m/n/10 L\OT1/cmr/m/n/10 (0\OML/cmm/m/it/10 ; \OT1/cmr/m/n/1
0 1)$ has PDF $\OML/cmm/m/it/10 f[]\OT1/cmr/m/n/10 (\OML/cmm/m/it/10 s\OT1/cmr/
m/n/10 ) = [] [] []$.
 []

) (./ica/02-laplace-sol.tex
Underfull \hbox (badness 10000) in paragraph at lines 2--14

 []


Underfull \hbox (badness 10000) in paragraph at lines 2--14

 []


Underfull \hbox (badness 10000) in paragraph at lines 2--14

 []


Underfull \hbox (badness 10000) in paragraph at lines 2--14

 []


Underfull \hbox (badness 10000) in paragraph at lines 2--14

 []


Underfull \hbox (badness 10000) in paragraph at lines 2--14

 []


Underfull \hbox (badness 10000) in paragraph at lines 15--22

 []


Underfull \hbox (badness 10000) in paragraph at lines 15--22

 []


Underfull \hbox (badness 10000) in paragraph at lines 23--30

 []


Underfull \hbox (badness 10000) in paragraph at lines 23--30

 []


Underfull \hbox (badness 10000) in paragraph at lines 31--32

 []


Underfull \hbox (badness 10000) in paragraph at lines 31--32

 []

[21]) (./ica/03-cocktail.tex) (./ica/03-cocktail-sol.tex)
Underfull \hbox (badness 10000) in paragraph at lines 2--25

 []


Underfull \hbox (badness 10000) in paragraph at lines 2--25

 []


Underfull \hbox (badness 10000) in paragraph at lines 2--25

 []

) [22] (./natural_grad/00-main.tex [23

] (./natural_grad/01-exp_score.tex)
(./natural_grad/01-exp_score_sol.tex) (./natural_grad/02-cov_score.tex)
(./natural_grad/02-cov_score_sol.tex) (./natural_grad/03-nhess_score.tex)
(./natural_grad/03-nhess_score_sol.tex) (./natural_grad/04-kl_taylor.tex
[24]) (./natural_grad/04-kl_taylor_sol.tex) (./natural_grad/05-lagrange.tex
[25]) (./natural_grad/05-lagrange_sol.tex) (./natural_grad/06-update_rule.tex)
(./natural_grad/06-update_rule_sol.tex)) [26] [27

] (./ps3.aux) ) 
Here is how much of TeX's memory you used:
 19218 strings out of 478268
 375772 string characters out of 5846347
 622905 words of memory out of 5000000
 36894 multiletter control sequences out of 15000+600000
 478126 words of font info for 63 fonts, out of 8000000 for 9000
 1141 hyphenation exceptions out of 8191
 89i,13n,92p,851b,695s stack positions out of 10000i,1000n,20000p,200000b,200000s
{/usr/local/texlive/2022/texmf-dist/fonts/enc/dvips/cm-super/cm-
super-ts1.enc}</usr/local/texlive/2022/texmf-dist/fonts/type1/public/amsfonts/c
m/cmbx10.pfb></usr/local/texlive/2022/texmf-dist/fonts/type1/public/amsfonts/cm
/cmex10.pfb></usr/local/texlive/2022/texmf-dist/fonts/type1/public/amsfonts/cme
xtra/cmex7.pfb></usr/local/texlive/2022/texmf-dist/fonts/type1/public/amsfonts/
cm/cmmi10.pfb></usr/local/texlive/2022/texmf-dist/fonts/type1/public/amsfonts/c
m/cmmi5.pfb></usr/local/texlive/2022/texmf-dist/fonts/type1/public/amsfonts/cm/
cmmi7.pfb></usr/local/texlive/2022/texmf-dist/fonts/type1/public/amsfonts/cm/cm
mi8.pfb></usr/local/texlive/2022/texmf-dist/fonts/type1/public/amsfonts/cm/cmr1
0.pfb></usr/local/texlive/2022/texmf-dist/fonts/type1/public/amsfonts/cm/cmr17.
pfb></usr/local/texlive/2022/texmf-dist/fonts/type1/public/amsfonts/cm/cmr5.pfb
></usr/local/texlive/2022/texmf-dist/fonts/type1/public/amsfonts/cm/cmr6.pfb></
usr/local/texlive/2022/texmf-dist/fonts/type1/public/amsfonts/cm/cmr7.pfb></usr
/local/texlive/2022/texmf-dist/fonts/type1/public/amsfonts/cm/cmr8.pfb></usr/lo
cal/texlive/2022/texmf-dist/fonts/type1/public/amsfonts/cm/cmsl10.pfb></usr/loc
al/texlive/2022/texmf-dist/fonts/type1/public/amsfonts/cm/cmss10.pfb></usr/loca
l/texlive/2022/texmf-dist/fonts/type1/public/amsfonts/cm/cmsy10.pfb></usr/local
/texlive/2022/texmf-dist/fonts/type1/public/amsfonts/cm/cmsy5.pfb></usr/local/t
exlive/2022/texmf-dist/fonts/type1/public/amsfonts/cm/cmsy7.pfb></usr/local/tex
live/2022/texmf-dist/fonts/type1/public/amsfonts/cm/cmti10.pfb></usr/local/texl
ive/2022/texmf-dist/fonts/type1/public/amsfonts/cm/cmtt10.pfb></usr/local/texli
ve/2022/texmf-dist/fonts/type1/public/amsfonts/cm/cmtt8.pfb></usr/local/texlive
/2022/texmf-dist/fonts/type1/public/amsfonts/symbols/msbm10.pfb></usr/local/tex
live/2022/texmf-dist/fonts/type1/public/cm-super/sfrm1000.pfb>
Output written on ps3.pdf (27 pages, 19781439 bytes).
PDF statistics:
 455 PDF objects out of 1000 (max. 8388607)
 174 compressed objects within 2 object streams
 0 named destinations out of 1000 (max. 500000)
 78 words of extra memory for PDF output out of 10000 (max. 10000000)

